<?xml version="1.0" encoding="UTF-8"?>
<!-- Generated by org.testng.reporters.JUnitReportReporter -->
<testsuite hostname="SHUBHAM" failures="0" tests="1" name="day7June23.TestNgDemo" time="5.004" errors="0" timestamp="2023-06-26T19:30:13 IST" skipped="0">
  <testcase classname="day7June23.TestNgDemo" name="openUrl" time="5.004"/>
</testsuite> <!-- day7June23.TestNgDemo -->
