<?xml version="1.0" encoding="UTF-8"?>
<!-- Generated by org.testng.reporters.JUnitReportReporter -->
<testsuite hostname="SHUBHAM" failures="0" tests="2" name="practice.TestNG1" time="0.016" errors="0" timestamp="2023-09-13T12:26:54 IST" skipped="0">
  <testcase classname="practice.TestNG1" name="testcase2" time="0.010"/>
  <testcase classname="practice.TestNG1" name="testcase1" time="0.006"/>
</testsuite> <!-- practice.TestNG1 -->
