<?xml version="1.0" encoding="UTF-8"?>
<!-- Generated by org.testng.reporters.JUnitReportReporter -->
<testsuite hostname="SHUBHAM" failures="0" tests="2" name="practice.TestNGParametergooglesearchDemo" time="7.829" errors="0" timestamp="2023-06-29T17:06:31 IST" skipped="0">
  <testcase classname="practice.TestNGParametergooglesearchDemo" name="googleSearch" time="3.289"/>
  <testcase classname="practice.TestNGParametergooglesearchDemo" name="googleSearch" time="4.540"/>
</testsuite> <!-- practice.TestNGParametergooglesearchDemo -->
