<?xml version="1.0" encoding="UTF-8"?>
<!-- Generated by org.testng.reporters.JUnitReportReporter -->
<testsuite hostname="SHUBHAM" failures="0" tests="1" name="day9June23.AssertionDemo" time="44.933" errors="0" timestamp="2023-06-26T19:30:13 IST" skipped="0">
  <testcase classname="day9June23.AssertionDemo" name="testMethod" time="44.933"/>
</testsuite> <!-- day9June23.AssertionDemo -->
