<?xml version="1.0" encoding="UTF-8"?>
<!-- Generated by org.testng.reporters.JUnitReportReporter -->
<testsuite hostname="SHUBHAM" failures="0" tests="2" name="practice.TestCase1" time="0.012" errors="0" timestamp="2023-06-28T18:13:59 IST" skipped="0">
  <testcase classname="practice.TestCase1" name="test1" time="0.009"/>
  <testcase classname="practice.TestCase1" name="test2" time="0.003"/>
</testsuite> <!-- practice.TestCase1 -->
