<?xml version="1.0" encoding="UTF-8"?>
<!-- Generated by org.testng.reporters.JUnitReportReporter -->
<testsuite hostname="SHUBHAM" failures="0" tests="3" name="practice.TestNGParameterDemo" time="0.022" errors="0" timestamp="2023-06-29T16:20:10 IST" skipped="0">
  <testcase classname="practice.TestNGParameterDemo" name="substraction" time="0.001"/>
  <testcase classname="practice.TestNGParameterDemo" name="multipication" time="0.002"/>
  <testcase classname="practice.TestNGParameterDemo" name="add" time="0.019"/>
</testsuite> <!-- practice.TestNGParameterDemo -->
