<?xml version="1.0" encoding="UTF-8"?>
<!-- Generated by org.testng.reporters.JUnitReportReporter -->
<testsuite hostname="SHUBHAM" failures="0" tests="3" name="practice.DataProviderDemo" time="16.033" errors="0" timestamp="2023-06-29T17:45:03 IST" skipped="0">
  <testcase classname="practice.DataProviderDemo" name="googlesearch" time="4.677"/>
  <testcase classname="practice.DataProviderDemo" name="googlesearch" time="6.341"/>
  <testcase classname="practice.DataProviderDemo" name="googlesearch" time="5.015"/>
</testsuite> <!-- practice.DataProviderDemo -->
