<?xml version="1.0" encoding="UTF-8"?>
<!-- Generated by org.testng.reporters.JUnitReportReporter -->
<testsuite hostname="SHUBHAM" failures="0" tests="2" name="practice.TestCase2" time="0.008" errors="0" timestamp="2023-06-26T19:38:20 IST" skipped="0">
  <testcase classname="practice.TestCase2" name="test3" time="0.007"/>
  <testcase classname="practice.TestCase2" name="test4" time="0.001"/>
</testsuite> <!-- practice.TestCase2 -->
